<?xml version="1.0" encoding="UTF-8"?>
<!-- Generated by org.testng.reporters.JUnitReportReporter -->
<testsuite hostname="RHARISHs-MacBook-Air.local" failures="0" tests="5" name="com.amazonTestNG.TEstNG" time="13.166" errors="0" timestamp="2022-11-17T20:13:46 IST" skipped="0">
  <testcase classname="com.amazonTestNG.TEstNG" name="browserLaunch" time="2.426"/>
  <system-out/>
  <testcase classname="com.amazonTestNG.TEstNG" name="url" time="3.628"/>
  <system-out/>
  <testcase classname="com.amazonTestNG.TEstNG" name="searchDrop" time="1.090"/>
  <system-out/>
  <testcase classname="com.amazonTestNG.TEstNG" name="text" time="5.845"/>
  <system-out/>
  <testcase classname="com.amazonTestNG.TEstNG" name="search" time="0.177"/>
  <system-out/>
</testsuite> <!-- com.amazonTestNG.TEstNG -->
